<?xml version="1.0" encoding="UTF-8"?>
<!-- Generated by org.testng.reporters.JUnitXMLReporter -->
<testsuite ignored="0" hostname="DESKTOP-ABLUACG" failures="0" tests="4" name="Surefire test" time="0.082" errors="0" timestamp="2023-01-22T19:29:12 MSK">
  <testcase classname="ProductRepositoryTest" name="addedOneProduct" time="0.017"/>
  <testcase classname="ProductRepositoryTest" name="addedProduct" time="0.0"/>
  <testcase classname="ProductRepositoryTest" name="addedTwoProduct" time="0.0"/>
  <testcase classname="ProductRepositoryTest" name="saveOneProduct" time="0.0"/>
</testsuite> <!-- Surefire test -->
