<?xml version="1.0" encoding="UTF-8"?>
<testng-results ignored="0" total="5" passed="5" failed="0" skipped="0">
  <reporter-output>
  </reporter-output>
  <suite started-at="2023-01-22T19:57:47 MSK" name="Surefire suite" finished-at="2023-01-22T19:57:47 MSK" duration-ms="72">
    <groups>
    </groups>
    <test started-at="2023-01-22T19:57:47 MSK" name="Surefire test" finished-at="2023-01-22T19:57:47 MSK" duration-ms="72">
      <class name="ProductRepositoryTest">
        <test-method signature="addedOneProduct()[pri:0, instance:ProductRepositoryTest@5fcfde70]" started-at="2023-01-22T19:57:47 MSK" name="addedOneProduct" finished-at="2023-01-22T19:57:47 MSK" duration-ms="16" status="PASS">
          <reporter-output>
          </reporter-output>
        </test-method> <!-- addedOneProduct -->
        <test-method signature="addedProduct()[pri:0, instance:ProductRepositoryTest@5fcfde70]" started-at="2023-01-22T19:57:47 MSK" name="addedProduct" finished-at="2023-01-22T19:57:47 MSK" duration-ms="0" status="PASS">
          <reporter-output>
          </reporter-output>
        </test-method> <!-- addedProduct -->
        <test-method signature="deleteProduct()[pri:0, instance:ProductRepositoryTest@5fcfde70]" started-at="2023-01-22T19:57:47 MSK" name="deleteProduct" finished-at="2023-01-22T19:57:47 MSK" duration-ms="0" status="PASS">
          <reporter-output>
          </reporter-output>
        </test-method> <!-- deleteProduct -->
        <test-method signature="addedTwoProduct()[pri:0, instance:ProductRepositoryTest@5fcfde70]" started-at="2023-01-22T19:57:47 MSK" name="addedTwoProduct" finished-at="2023-01-22T19:57:47 MSK" duration-ms="0" status="PASS">
          <reporter-output>
          </reporter-output>
        </test-method> <!-- addedTwoProduct -->
        <test-method signature="saveOneProduct()[pri:0, instance:ProductRepositoryTest@5fcfde70]" started-at="2023-01-22T19:57:47 MSK" name="saveOneProduct" finished-at="2023-01-22T19:57:47 MSK" duration-ms="0" status="PASS">
          <reporter-output>
          </reporter-output>
        </test-method> <!-- saveOneProduct -->
      </class> <!-- ProductRepositoryTest -->
    </test> <!-- Surefire test -->
  </suite> <!-- Surefire suite -->
</testng-results>
